<?xml version="1.0" encoding="UTF-8"?>
<testng-results ignored="0" total="2" passed="1" failed="1" skipped="0">
  <reporter-output>
  </reporter-output>
  <suite started-at="2023-08-04T00:43:46 EDT" name="Default suite" finished-at="2023-08-04T00:43:54 EDT" duration-ms="7930">
    <groups>
    </groups>
    <test started-at="2023-08-04T00:43:46 EDT" name="Default test" finished-at="2023-08-04T00:43:54 EDT" duration-ms="7930">
      <class name="July_29.test_results">
        <test-method is-config="true" signature="launch()[pri:0, instance:July_29.test_results@68c9d179]" started-at="2023-08-04T00:43:46 EDT" name="launch" finished-at="2023-08-04T00:43:46 EDT" duration-ms="7" status="PASS">
          <reporter-output>
          </reporter-output>
        </test-method> <!-- launch -->
        <test-method signature="tc1()[pri:0, instance:July_29.test_results@68c9d179]" started-at="2023-08-04T00:43:46 EDT" name="tc1" finished-at="2023-08-04T00:43:50 EDT" duration-ms="4095" status="PASS">
          <reporter-output>
          </reporter-output>
        </test-method> <!-- tc1 -->
        <test-method is-config="true" signature="teardown(org.testng.ITestResult)[pri:0, instance:July_29.test_results@68c9d179]" started-at="2023-08-04T00:43:50 EDT" name="teardown" finished-at="2023-08-04T00:43:50 EDT" duration-ms="114" status="PASS">
          <params>
            <param index="0">
              <value>
                <![CDATA[[TestResult name=tc1 status=SUCCESS method=test_results.tc1()[pri:0, instance:July_29.test_results@68c9d179] output={null}]]]>
              </value>
            </param>
          </params>
          <reporter-output>
          </reporter-output>
        </test-method> <!-- teardown -->
        <test-method is-config="true" signature="launch()[pri:0, instance:July_29.test_results@68c9d179]" started-at="2023-08-04T00:43:50 EDT" name="launch" finished-at="2023-08-04T00:43:50 EDT" duration-ms="1" status="PASS">
          <reporter-output>
          </reporter-output>
        </test-method> <!-- launch -->
        <test-method signature="tc2()[pri:0, instance:July_29.test_results@68c9d179]" started-at="2023-08-04T00:43:50 EDT" name="tc2" finished-at="2023-08-04T00:43:54 EDT" duration-ms="3485" status="FAIL">
          <exception class="java.lang.AssertionError">
            <message>
              <![CDATA[expected [BBB] but found [AAA]]]>
            </message>
            <full-stacktrace>
              <![CDATA[java.lang.AssertionError: expected [BBB] but found [AAA]
at org.testng.Assert.fail(Assert.java:111)
at org.testng.Assert.failNotEquals(Assert.java:1578)
at org.testng.Assert.assertEqualsImpl(Assert.java:150)
at org.testng.Assert.assertEquals(Assert.java:132)
at org.testng.Assert.assertEquals(Assert.java:656)
at org.testng.Assert.assertEquals(Assert.java:666)
at July_29.test_results.tc2(test_results.java:45)
at java.base/jdk.internal.reflect.NativeMethodAccessorImpl.invoke0(Native Method)
at java.base/jdk.internal.reflect.NativeMethodAccessorImpl.invoke(NativeMethodAccessorImpl.java:62)
at java.base/jdk.internal.reflect.DelegatingMethodAccessorImpl.invoke(DelegatingMethodAccessorImpl.java:43)
at java.base/java.lang.reflect.Method.invoke(Method.java:566)
at org.testng.internal.invokers.MethodInvocationHelper.invokeMethod(MethodInvocationHelper.java:139)
at org.testng.internal.invokers.TestInvoker.invokeMethod(TestInvoker.java:664)
at org.testng.internal.invokers.TestInvoker.invokeTestMethod(TestInvoker.java:227)
at org.testng.internal.invokers.MethodRunner.runInSequence(MethodRunner.java:50)
at org.testng.internal.invokers.TestInvoker$MethodInvocationAgent.invoke(TestInvoker.java:957)
at org.testng.internal.invokers.TestInvoker.invokeTestMethods(TestInvoker.java:200)
at org.testng.internal.invokers.TestMethodWorker.invokeTestMethods(TestMethodWorker.java:148)
at org.testng.internal.invokers.TestMethodWorker.run(TestMethodWorker.java:128)
at java.base/java.util.ArrayList.forEach(ArrayList.java:1541)
at org.testng.TestRunner.privateRun(TestRunner.java:848)
at org.testng.TestRunner.run(TestRunner.java:621)
at org.testng.SuiteRunner.runTest(SuiteRunner.java:443)
at org.testng.SuiteRunner.runSequentially(SuiteRunner.java:437)
at org.testng.SuiteRunner.privateRun(SuiteRunner.java:397)
at org.testng.SuiteRunner.run(SuiteRunner.java:336)
at org.testng.SuiteRunnerWorker.runSuite(SuiteRunnerWorker.java:52)
at org.testng.SuiteRunnerWorker.run(SuiteRunnerWorker.java:95)
at org.testng.TestNG.runSuitesSequentially(TestNG.java:1280)
at org.testng.TestNG.runSuitesLocally(TestNG.java:1200)
at org.testng.TestNG.runSuites(TestNG.java:1114)
at org.testng.TestNG.run(TestNG.java:1082)
at org.testng.remote.AbstractRemoteTestNG.run(AbstractRemoteTestNG.java:115)
at org.testng.remote.RemoteTestNG.initAndRun(RemoteTestNG.java:251)
at org.testng.remote.RemoteTestNG.main(RemoteTestNG.java:77)
]]>
            </full-stacktrace>
          </exception> <!-- java.lang.AssertionError -->
          <reporter-output>
          </reporter-output>
        </test-method> <!-- tc2 -->
        <test-method is-config="true" signature="teardown(org.testng.ITestResult)[pri:0, instance:July_29.test_results@68c9d179]" started-at="2023-08-04T00:43:54 EDT" name="teardown" finished-at="2023-08-04T00:43:54 EDT" duration-ms="195" status="PASS">
          <params>
            <param index="0">
              <value>
                <![CDATA[[TestResult name=tc2 status=FAILURE method=test_results.tc2()[pri:0, instance:July_29.test_results@68c9d179] output={null}]]]>
              </value>
            </param>
          </params>
          <reporter-output>
          </reporter-output>
        </test-method> <!-- teardown -->
      </class> <!-- July_29.test_results -->
    </test> <!-- Default test -->
  </suite> <!-- Default suite -->
</testng-results>
